<?xml version="1.0" encoding="UTF-8"?>
<!-- Generated by org.testng.reporters.JUnitReportReporter -->
<testsuite hostname="LAPTOP-QIK3O1VV" failures="0" tests="1" name="com.APIAssessment.JsonApiResponseTest" time="7.098" errors="0" timestamp="2023-08-17T18:57:07 SAST" skipped="0">
  <testcase classname="com.APIAssessment.JsonApiResponseTest" name="testJsonResponseValidation" time="7.098"/>
  <system-out/>
</testsuite> <!-- com.APIAssessment.JsonApiResponseTest -->
